<?xml version="1.0" encoding="UTF-8"?>
<robot generator="Robot 3.2.1 (Python 3.8.5 on win32)" generated="20200911 10:17:42.634" rpa="false">
<suite id="s1" name="TC 004FetchData" source="C:\python\robot-scripts\amazon\Tests\Registration_TC\TC_004FetchData.robot">
<test id="s1-t1" name="Robot Fetch Data">
<kw name="Open Browser" library="SeleniumLibrary">
<doc>Opens a new browser instance to the optional ``url``.</doc>
<arguments>
<arg>${url}</arg>
<arg>${browser}</arg>
</arguments>
<msg timestamp="20200911 10:17:42.837" level="INFO">Opening browser 'IE' to base url 'https://www.thetestingworld.com/testings'.</msg>
<status status="PASS" starttime="20200911 10:17:42.836" endtime="20200911 10:17:44.727"></status>
</kw>
<kw name="Maximize Browser Window" library="SeleniumLibrary">
<doc>Maximizes current browser window.</doc>
<status status="PASS" starttime="20200911 10:17:44.727" endtime="20200911 10:17:44.743"></status>
</kw>
<kw name="Concatenate User Name and Password" library="Resources1">
<arguments>
<arg>Bob</arg>
<arg>123456</arg>
</arguments>
<kw name="Concatenate" library="userKeywords">
<arguments>
<arg>${username}</arg>
<arg>${password}</arg>
</arguments>
<assign>
<var>${Result}</var>
</assign>
<msg timestamp="20200911 10:17:44.743" level="INFO">${Result} = Bob 123456</msg>
<status status="PASS" starttime="20200911 10:17:44.743" endtime="20200911 10:17:44.743"></status>
</kw>
<kw name="Log" library="BuiltIn">
<doc>Logs the given message with the given level.</doc>
<arguments>
<arg>${Result}</arg>
</arguments>
<msg timestamp="20200911 10:17:44.743" level="INFO">Bob 123456</msg>
<status status="PASS" starttime="20200911 10:17:44.743" endtime="20200911 10:17:44.743"></status>
</kw>
<status status="PASS" starttime="20200911 10:17:44.743" endtime="20200911 10:17:44.743"></status>
</kw>
<kw name="Close Browser" library="SeleniumLibrary">
<doc>Closes the current browser.</doc>
<status status="PASS" starttime="20200911 10:17:44.743" endtime="20200911 10:17:47.884"></status>
</kw>
<status status="PASS" starttime="20200911 10:17:42.836" endtime="20200911 10:17:47.884" critical="yes"></status>
</test>
<status status="PASS" starttime="20200911 10:17:42.635" endtime="20200911 10:17:47.884"></status>
</suite>
<statistics>
<total>
<stat pass="1" fail="0">Critical Tests</stat>
<stat pass="1" fail="0">All Tests</stat>
</total>
<tag>
</tag>
<suite>
<stat pass="1" fail="0" id="s1" name="TC 004FetchData">TC 004FetchData</stat>
</suite>
</statistics>
<errors>
</errors>
</robot>
